  Common.cpp
D:\工程\传奇-贪玩\传奇-MirDll\MirDll\xPacket.h(140,12): warning C4267: “初始化”: 从“size_t”转换到“int”，可能丢失数据
  (编译源文件“Common.cpp”)
  
D:\工程\传奇-贪玩\传奇-MirDll\MirDll\xPacket.h(422,11): warning C4267: “初始化”: 从“size_t”转换到“int”，可能丢失数据
  (编译源文件“Common.cpp”)
  
D:\工程\传奇-贪玩\传奇-MirDll\MirDll\Common.h(21,9): warning C4005: “LOBYTE”: 宏重定义
  (编译源文件“Common.cpp”)
      C:\Program Files (x86)\Windows Kits\10\Include\10.0.26100.0\shared\minwindef.h(206,9):
      参见“LOBYTE”的前一个定义
  
D:\工程\传奇-贪玩\传奇-MirDll\MirDll\Common.h(22,9): warning C4005: “LOWORD”: 宏重定义
  (编译源文件“Common.cpp”)
      C:\Program Files (x86)\Windows Kits\10\Include\10.0.26100.0\shared\minwindef.h(204,9):
      参见“LOWORD”的前一个定义
  
D:\工程\传奇-贪玩\传奇-MirDll\MirDll\Common.h(24,9): warning C4005: “HIBYTE”: 宏重定义
  (编译源文件“Common.cpp”)
      C:\Program Files (x86)\Windows Kits\10\Include\10.0.26100.0\shared\minwindef.h(207,9):
      参见“HIBYTE”的前一个定义
  
D:\工程\传奇-贪玩\传奇-MirDll\MirDll\Common.h(25,9): warning C4005: “HIWORD”: 宏重定义
  (编译源文件“Common.cpp”)
      C:\Program Files (x86)\Windows Kits\10\Include\10.0.26100.0\shared\minwindef.h(205,9):
      参见“HIWORD”的前一个定义
  
D:\工程\传奇-贪玩\传奇-MirDll\MirDll\Common.cpp(62,10): warning C4267: “初始化”: 从“size_t”转换到“int”，可能丢失数据
D:\工程\传奇-贪玩\传奇-MirDll\MirDll\Common.cpp(90,10): warning C4267: “初始化”: 从“size_t”转换到“int”，可能丢失数据
D:\工程\传奇-贪玩\传奇-MirDll\MirDll\Common.cpp(147,8): warning C4267: “初始化”: 从“size_t”转换到“int”，可能丢失数据
D:\工程\传奇-贪玩\传奇-MirDll\MirDll\Common.cpp(153,16): warning C4267: “=”: 从“size_t”转换到“int”，可能丢失数据
D:\工程\传奇-贪玩\传奇-MirDll\MirDll\Common.cpp(169,16): error C3083: “system_clock”:“::”左侧的符号必须是一种类型
D:\工程\传奇-贪玩\传奇-MirDll\MirDll\Common.cpp(169,30): error C2039: "now": 不是 "std::chrono" 的成员
      C:\Program Files\Microsoft Visual Studio\2022\Community\VC\Tools\MSVC\14.44.35207\include\__msvc_chrono.hpp(286,11):
      参见“std::chrono”的声明
  
D:\工程\传奇-贪玩\传奇-MirDll\MirDll\Common.cpp(169,30): error C3861: “now”: 找不到标识符
D:\工程\传奇-贪玩\传奇-MirDll\MirDll\Common.cpp(168,46): error C2672: “std::chrono::duration_cast”: 未找到匹配的重载函数
      C:\Program Files\Microsoft Visual Studio\2022\Community\VC\Tools\MSVC\14.44.35207\include\__msvc_chrono.hpp(87,19):
      可能是“_To std::chrono::duration_cast(const std::chrono::duration<_Rep,_Period> &) noexcept(<expr>)”
  
  Decode.cpp
D:\工程\传奇-贪玩\传奇-MirDll\MirDll\xPacket.h(140,12): warning C4267: “初始化”: 从“size_t”转换到“int”，可能丢失数据
  (编译源文件“Decode.cpp”)
  
D:\工程\传奇-贪玩\传奇-MirDll\MirDll\xPacket.h(422,11): warning C4267: “初始化”: 从“size_t”转换到“int”，可能丢失数据
  (编译源文件“Decode.cpp”)
  
D:\工程\传奇-贪玩\传奇-MirDll\MirDll\Common.h(21,9): warning C4005: “LOBYTE”: 宏重定义
  (编译源文件“Decode.cpp”)
      C:\Program Files (x86)\Windows Kits\10\Include\10.0.26100.0\shared\minwindef.h(206,9):
      参见“LOBYTE”的前一个定义
  
D:\工程\传奇-贪玩\传奇-MirDll\MirDll\Common.h(22,9): warning C4005: “LOWORD”: 宏重定义
  (编译源文件“Decode.cpp”)
      C:\Program Files (x86)\Windows Kits\10\Include\10.0.26100.0\shared\minwindef.h(204,9):
      参见“LOWORD”的前一个定义
  
D:\工程\传奇-贪玩\传奇-MirDll\MirDll\Common.h(24,9): warning C4005: “HIBYTE”: 宏重定义
  (编译源文件“Decode.cpp”)
      C:\Program Files (x86)\Windows Kits\10\Include\10.0.26100.0\shared\minwindef.h(207,9):
      参见“HIBYTE”的前一个定义
  
D:\工程\传奇-贪玩\传奇-MirDll\MirDll\Common.h(25,9): warning C4005: “HIWORD”: 宏重定义
  (编译源文件“Decode.cpp”)
      C:\Program Files (x86)\Windows Kits\10\Include\10.0.26100.0\shared\minwindef.h(205,9):
      参见“HIWORD”的前一个定义
  
  Encode.cpp
D:\工程\传奇-贪玩\传奇-MirDll\MirDll\xPacket.h(140,12): warning C4267: “初始化”: 从“size_t”转换到“int”，可能丢失数据
  (编译源文件“Encode.cpp”)
  
D:\工程\传奇-贪玩\传奇-MirDll\MirDll\xPacket.h(422,11): warning C4267: “初始化”: 从“size_t”转换到“int”，可能丢失数据
  (编译源文件“Encode.cpp”)
  
D:\工程\传奇-贪玩\传奇-MirDll\MirDll\Common.h(21,9): warning C4005: “LOBYTE”: 宏重定义
  (编译源文件“Encode.cpp”)
      C:\Program Files (x86)\Windows Kits\10\Include\10.0.26100.0\shared\minwindef.h(206,9):
      参见“LOBYTE”的前一个定义
  
D:\工程\传奇-贪玩\传奇-MirDll\MirDll\Common.h(22,9): warning C4005: “LOWORD”: 宏重定义
  (编译源文件“Encode.cpp”)
      C:\Program Files (x86)\Windows Kits\10\Include\10.0.26100.0\shared\minwindef.h(204,9):
      参见“LOWORD”的前一个定义
  
D:\工程\传奇-贪玩\传奇-MirDll\MirDll\Common.h(24,9): warning C4005: “HIBYTE”: 宏重定义
  (编译源文件“Encode.cpp”)
      C:\Program Files (x86)\Windows Kits\10\Include\10.0.26100.0\shared\minwindef.h(207,9):
      参见“HIBYTE”的前一个定义
  
D:\工程\传奇-贪玩\传奇-MirDll\MirDll\Common.h(25,9): warning C4005: “HIWORD”: 宏重定义
  (编译源文件“Encode.cpp”)
      C:\Program Files (x86)\Windows Kits\10\Include\10.0.26100.0\shared\minwindef.h(205,9):
      参见“HIWORD”的前一个定义
  
  Frm.cpp
D:\工程\传奇-贪玩\传奇-MirDll\MirDll\xPacket.h(140,12): warning C4267: “初始化”: 从“size_t”转换到“int”，可能丢失数据
  (编译源文件“Frm.cpp”)
  
D:\工程\传奇-贪玩\传奇-MirDll\MirDll\xPacket.h(422,11): warning C4267: “初始化”: 从“size_t”转换到“int”，可能丢失数据
  (编译源文件“Frm.cpp”)
  
D:\工程\传奇-贪玩\传奇-MirDll\MirDll\Common.h(21,9): warning C4005: “LOBYTE”: 宏重定义
  (编译源文件“Frm.cpp”)
      C:\Program Files (x86)\Windows Kits\10\Include\10.0.26100.0\shared\minwindef.h(206,9):
      参见“LOBYTE”的前一个定义
  
D:\工程\传奇-贪玩\传奇-MirDll\MirDll\Common.h(22,9): warning C4005: “LOWORD”: 宏重定义
  (编译源文件“Frm.cpp”)
      C:\Program Files (x86)\Windows Kits\10\Include\10.0.26100.0\shared\minwindef.h(204,9):
      参见“LOWORD”的前一个定义
  
D:\工程\传奇-贪玩\传奇-MirDll\MirDll\Common.h(24,9): warning C4005: “HIBYTE”: 宏重定义
  (编译源文件“Frm.cpp”)
      C:\Program Files (x86)\Windows Kits\10\Include\10.0.26100.0\shared\minwindef.h(207,9):
      参见“HIBYTE”的前一个定义
  
D:\工程\传奇-贪玩\传奇-MirDll\MirDll\Common.h(25,9): warning C4005: “HIWORD”: 宏重定义
  (编译源文件“Frm.cpp”)
      C:\Program Files (x86)\Windows Kits\10\Include\10.0.26100.0\shared\minwindef.h(205,9):
      参见“HIWORD”的前一个定义
  
D:\工程\传奇-贪玩\传奇-MirDll\MirDll\GameEvent.h(26,1): error C5208: typedef 名称中使用的未命名的类不能声明非静态数据成员、成员枚举或成员类以外的成员
  (编译源文件“Frm.cpp”)
  
D:\工程\传奇-贪玩\传奇-MirDll\MirDll\Frm.cpp(20,3): error C2664: “BOOL SetDlgItemTextW(HWND,int,LPCWSTR)”: 无法将参数 3 从“const char [5]”转换为“LPCWSTR”
      D:\工程\传奇-贪玩\传奇-MirDll\MirDll\Frm.cpp(20,35):
      指向的类型不相关; 转换需要 reinterpret_cast、C 样式强制转换或带圆括号的函数样式强制转换
      C:\Program Files (x86)\Windows Kits\10\Include\10.0.26100.0\um\winuser.h(5183,1):
      参见“SetDlgItemTextW”的声明
      D:\工程\传奇-贪玩\传奇-MirDll\MirDll\Frm.cpp(20,3):
      尝试匹配参数列表“(HWND, int, const char [5])”时
  
D:\工程\传奇-贪玩\传奇-MirDll\MirDll\Frm.cpp(21,3): error C2664: “BOOL SetDlgItemTextW(HWND,int,LPCWSTR)”: 无法将参数 3 从“const char [2]”转换为“LPCWSTR”
      D:\工程\传奇-贪玩\传奇-MirDll\MirDll\Frm.cpp(21,35):
      指向的类型不相关; 转换需要 reinterpret_cast、C 样式强制转换或带圆括号的函数样式强制转换
      C:\Program Files (x86)\Windows Kits\10\Include\10.0.26100.0\um\winuser.h(5183,1):
      参见“SetDlgItemTextW”的声明
      D:\工程\传奇-贪玩\传奇-MirDll\MirDll\Frm.cpp(21,3):
      尝试匹配参数列表“(HWND, int, const char [2])”时
  
D:\工程\传奇-贪玩\传奇-MirDll\MirDll\Frm.cpp(71,6): error C3861: “chuansong”: 找不到标识符
D:\工程\传奇-贪玩\传奇-MirDll\MirDll\Frm.cpp(97,6): error C3861: “useskill”: 找不到标识符
D:\工程\传奇-贪玩\传奇-MirDll\MirDll\Frm.cpp(112,6): error C3861: “BuyHeiShi”: 找不到标识符
D:\工程\传奇-贪玩\传奇-MirDll\MirDll\Frm.cpp(141,6): error C3861: “PushBank”: 找不到标识符
D:\工程\传奇-贪玩\传奇-MirDll\MirDll\Frm.cpp(171,6): error C3861: “PullBank”: 找不到标识符
  GameEvent.cpp
D:\工程\传奇-贪玩\传奇-MirDll\MirDll\xPacket.h(140,12): warning C4267: “初始化”: 从“size_t”转换到“int”，可能丢失数据
  (编译源文件“GameEvent.cpp”)
  
D:\工程\传奇-贪玩\传奇-MirDll\MirDll\xPacket.h(422,11): warning C4267: “初始化”: 从“size_t”转换到“int”，可能丢失数据
  (编译源文件“GameEvent.cpp”)
  
D:\工程\传奇-贪玩\传奇-MirDll\MirDll\Common.h(21,9): warning C4005: “LOBYTE”: 宏重定义
  (编译源文件“GameEvent.cpp”)
      C:\Program Files (x86)\Windows Kits\10\Include\10.0.26100.0\shared\minwindef.h(206,9):
      参见“LOBYTE”的前一个定义
  
D:\工程\传奇-贪玩\传奇-MirDll\MirDll\Common.h(22,9): warning C4005: “LOWORD”: 宏重定义
  (编译源文件“GameEvent.cpp”)
      C:\Program Files (x86)\Windows Kits\10\Include\10.0.26100.0\shared\intsafe.h(8670,9):
      参见“LOWORD”的前一个定义
  
D:\工程\传奇-贪玩\传奇-MirDll\MirDll\Common.h(23,9): warning C4005: “LODWORD”: 宏重定义
  (编译源文件“GameEvent.cpp”)
      C:\Program Files (x86)\Windows Kits\10\Include\10.0.26100.0\shared\intsafe.h(8676,9):
      参见“LODWORD”的前一个定义
  
D:\工程\传奇-贪玩\传奇-MirDll\MirDll\Common.h(24,9): warning C4005: “HIBYTE”: 宏重定义
  (编译源文件“GameEvent.cpp”)
      C:\Program Files (x86)\Windows Kits\10\Include\10.0.26100.0\shared\minwindef.h(207,9):
      参见“HIBYTE”的前一个定义
  
D:\工程\传奇-贪玩\传奇-MirDll\MirDll\Common.h(25,9): warning C4005: “HIWORD”: 宏重定义
  (编译源文件“GameEvent.cpp”)
      C:\Program Files (x86)\Windows Kits\10\Include\10.0.26100.0\shared\intsafe.h(8673,9):
      参见“HIWORD”的前一个定义
  
D:\工程\传奇-贪玩\传奇-MirDll\MirDll\Common.h(26,9): warning C4005: “HIDWORD”: 宏重定义
  (编译源文件“GameEvent.cpp”)
      C:\Program Files (x86)\Windows Kits\10\Include\10.0.26100.0\shared\intsafe.h(8679,9):
      参见“HIDWORD”的前一个定义
  
D:\工程\传奇-贪玩\传奇-MirDll\MirDll\GameEvent.h(26,1): error C5208: typedef 名称中使用的未命名的类不能声明非静态数据成员、成员枚举或成员类以外的成员
  (编译源文件“GameEvent.cpp”)
  
D:\工程\传奇-贪玩\传奇-MirDll\MirDll\GameEvent.cpp(2,10): error C1083: 无法打开包括文件: “json/json.h”: No such file or directory
  MyHook.cpp
D:\工程\传奇-贪玩\传奇-MirDll\MirDll\xPacket.h(140,12): warning C4267: “初始化”: 从“size_t”转换到“int”，可能丢失数据
  (编译源文件“MyHook.cpp”)
  
D:\工程\传奇-贪玩\传奇-MirDll\MirDll\xPacket.h(422,11): warning C4267: “初始化”: 从“size_t”转换到“int”，可能丢失数据
  (编译源文件“MyHook.cpp”)
  
D:\工程\传奇-贪玩\传奇-MirDll\MirDll\Common.h(21,9): warning C4005: “LOBYTE”: 宏重定义
  (编译源文件“MyHook.cpp”)
      C:\Program Files (x86)\Windows Kits\10\Include\10.0.26100.0\shared\minwindef.h(206,9):
      参见“LOBYTE”的前一个定义
  
D:\工程\传奇-贪玩\传奇-MirDll\MirDll\Common.h(22,9): warning C4005: “LOWORD”: 宏重定义
  (编译源文件“MyHook.cpp”)
      C:\Program Files (x86)\Windows Kits\10\Include\10.0.26100.0\shared\minwindef.h(204,9):
      参见“LOWORD”的前一个定义
  
D:\工程\传奇-贪玩\传奇-MirDll\MirDll\Common.h(24,9): warning C4005: “HIBYTE”: 宏重定义
  (编译源文件“MyHook.cpp”)
      C:\Program Files (x86)\Windows Kits\10\Include\10.0.26100.0\shared\minwindef.h(207,9):
      参见“HIBYTE”的前一个定义
  
D:\工程\传奇-贪玩\传奇-MirDll\MirDll\Common.h(25,9): warning C4005: “HIWORD”: 宏重定义
  (编译源文件“MyHook.cpp”)
      C:\Program Files (x86)\Windows Kits\10\Include\10.0.26100.0\shared\minwindef.h(205,9):
      参见“HIWORD”的前一个定义
  
D:\工程\传奇-贪玩\传奇-MirDll\MirDll\MyHook.cpp(5,10): error C1083: 无法打开包括文件: “zconf.h”: No such file or directory
  json_reader.cpp
D:\工程\传奇-贪玩\传奇-MirDll\MirDll\Json\src\lib_json\json_reader.cpp(1,10): error C1083: 无法打开包括文件: “json/reader.h”: No such file or directory
  json_value.cpp
D:\工程\传奇-贪玩\传奇-MirDll\MirDll\Json\src\lib_json\json_value.cpp(2,10): error C1083: 无法打开包括文件: “json/value.h”: No such file or directory
  json_writer.cpp
D:\工程\传奇-贪玩\传奇-MirDll\MirDll\Json\src\lib_json\json_writer.cpp(1,10): error C1083: 无法打开包括文件: “json/writer.h”: No such file or directory
  Main.cpp
D:\工程\传奇-贪玩\传奇-MirDll\MirDll\xPacket.h(140,12): warning C4267: “初始化”: 从“size_t”转换到“int”，可能丢失数据
  (编译源文件“Main.cpp”)
  
D:\工程\传奇-贪玩\传奇-MirDll\MirDll\xPacket.h(422,11): warning C4267: “初始化”: 从“size_t”转换到“int”，可能丢失数据
  (编译源文件“Main.cpp”)
  
D:\工程\传奇-贪玩\传奇-MirDll\MirDll\Common.h(21,9): warning C4005: “LOBYTE”: 宏重定义
  (编译源文件“Main.cpp”)
      C:\Program Files (x86)\Windows Kits\10\Include\10.0.26100.0\shared\minwindef.h(206,9):
      参见“LOBYTE”的前一个定义
  
D:\工程\传奇-贪玩\传奇-MirDll\MirDll\Common.h(22,9): warning C4005: “LOWORD”: 宏重定义
  (编译源文件“Main.cpp”)
      C:\Program Files (x86)\Windows Kits\10\Include\10.0.26100.0\shared\minwindef.h(204,9):
      参见“LOWORD”的前一个定义
  
D:\工程\传奇-贪玩\传奇-MirDll\MirDll\Common.h(24,9): warning C4005: “HIBYTE”: 宏重定义
  (编译源文件“Main.cpp”)
      C:\Program Files (x86)\Windows Kits\10\Include\10.0.26100.0\shared\minwindef.h(207,9):
      参见“HIBYTE”的前一个定义
  
D:\工程\传奇-贪玩\传奇-MirDll\MirDll\Common.h(25,9): warning C4005: “HIWORD”: 宏重定义
  (编译源文件“Main.cpp”)
      C:\Program Files (x86)\Windows Kits\10\Include\10.0.26100.0\shared\minwindef.h(205,9):
      参见“HIWORD”的前一个定义
  
  SendProgram.cpp
D:\工程\传奇-贪玩\传奇-MirDll\MirDll\xPacket.h(140,12): warning C4267: “初始化”: 从“size_t”转换到“int”，可能丢失数据
  (编译源文件“SendProgram.cpp”)
  
D:\工程\传奇-贪玩\传奇-MirDll\MirDll\xPacket.h(422,11): warning C4267: “初始化”: 从“size_t”转换到“int”，可能丢失数据
  (编译源文件“SendProgram.cpp”)
  
D:\工程\传奇-贪玩\传奇-MirDll\MirDll\Common.h(21,9): warning C4005: “LOBYTE”: 宏重定义
  (编译源文件“SendProgram.cpp”)
      C:\Program Files (x86)\Windows Kits\10\Include\10.0.26100.0\shared\minwindef.h(206,9):
      参见“LOBYTE”的前一个定义
  
D:\工程\传奇-贪玩\传奇-MirDll\MirDll\Common.h(22,9): warning C4005: “LOWORD”: 宏重定义
  (编译源文件“SendProgram.cpp”)
      C:\Program Files (x86)\Windows Kits\10\Include\10.0.26100.0\shared\minwindef.h(204,9):
      参见“LOWORD”的前一个定义
  
D:\工程\传奇-贪玩\传奇-MirDll\MirDll\Common.h(24,9): warning C4005: “HIBYTE”: 宏重定义
  (编译源文件“SendProgram.cpp”)
      C:\Program Files (x86)\Windows Kits\10\Include\10.0.26100.0\shared\minwindef.h(207,9):
      参见“HIBYTE”的前一个定义
  
D:\工程\传奇-贪玩\传奇-MirDll\MirDll\Common.h(25,9): warning C4005: “HIWORD”: 宏重定义
  (编译源文件“SendProgram.cpp”)
      C:\Program Files (x86)\Windows Kits\10\Include\10.0.26100.0\shared\minwindef.h(205,9):
      参见“HIWORD”的前一个定义
  
D:\工程\传奇-贪玩\传奇-MirDll\MirDll\SendProgram.cpp(4,10): error C1083: 无法打开包括文件: “json/value.h”: No such file or directory
  正在生成代码...
