d:\工程\传奇-贪玩\mirdll\mirdll\x64\release\vc142.pdb
d:\工程\传奇-贪玩\mirdll\mirdll\x64\release\sendprogram.obj
d:\工程\传奇-贪玩\mirdll\mirdll\x64\release\gameevent.obj
d:\工程\传奇-贪玩\mirdll\mirdll\x64\release\main.obj
d:\工程\传奇-贪玩\mirdll\mirdll\x64\release\json_writer.obj
d:\工程\传奇-贪玩\mirdll\mirdll\x64\release\json_value.obj
d:\工程\传奇-贪玩\mirdll\mirdll\x64\release\json_reader.obj
d:\工程\传奇-贪玩\mirdll\mirdll\x64\release\myhook.obj
d:\工程\传奇-贪玩\mirdll\mirdll\x64\release\frm.obj
d:\工程\传奇-贪玩\mirdll\mirdll\x64\release\encode.obj
d:\工程\传奇-贪玩\mirdll\mirdll\x64\release\decode.obj
d:\工程\传奇-贪玩\mirdll\mirdll\x64\release\common.obj
d:\工程\传奇-贪玩\mirdll\mirdll\x64\release\trampoline.obj
d:\工程\传奇-贪玩\mirdll\mirdll\x64\release\hook.obj
d:\工程\传奇-贪玩\mirdll\mirdll\x64\release\hde64.obj
d:\工程\传奇-贪玩\mirdll\mirdll\x64\release\hde32.obj
d:\工程\传奇-贪玩\mirdll\mirdll\x64\release\buffer.obj
d:\工程\传奇-贪玩\mirdll\x64\release\mirdll.lib
d:\工程\传奇-贪玩\mirdll\x64\release\mirdll.exp
d:\工程\传奇-贪玩\mirdll\mirdll\x64\release\mirdll.res
d:\工程\传奇-贪玩\mirdll\x64\release\mirdll.pdb
d:\工程\传奇-贪玩\mirdll\x64\release\mirdll.dll
d:\工程\传奇-贪玩\mirdll\mirdll\x64\release\mirdll.tlog\cl.command.1.tlog
d:\工程\传奇-贪玩\mirdll\mirdll\x64\release\mirdll.tlog\cl.read.1.tlog
d:\工程\传奇-贪玩\mirdll\mirdll\x64\release\mirdll.tlog\cl.write.1.tlog
d:\工程\传奇-贪玩\mirdll\mirdll\x64\release\mirdll.tlog\link.command.1.tlog
d:\工程\传奇-贪玩\mirdll\mirdll\x64\release\mirdll.tlog\link.delete.1.tlog
d:\工程\传奇-贪玩\mirdll\mirdll\x64\release\mirdll.tlog\link.read.1.tlog
d:\工程\传奇-贪玩\mirdll\mirdll\x64\release\mirdll.tlog\link.write.1.tlog
d:\工程\传奇-贪玩\mirdll\mirdll\x64\release\mirdll.tlog\mirdll.write.1u.tlog
d:\工程\传奇-贪玩\mirdll\mirdll\x64\release\mirdll.tlog\rc.command.1.tlog
d:\工程\传奇-贪玩\mirdll\mirdll\x64\release\mirdll.tlog\rc.read.1.tlog
d:\工程\传奇-贪玩\mirdll\mirdll\x64\release\mirdll.tlog\rc.write.1.tlog
